{"D:\\Development\\Namaste React\\src\\components\\Contact.jsx": {"path":"D:\\Development\\Namaste React\\src\\components\\Contact.jsx","statementMap":{"0":{"start":{"line":1,"column":16},"end":{"line":12,"column":1}},"1":{"start":{"line":2,"column":2},"end":{"line":11,"column":4}}},"fnMap":{"0":{"name":"(anonymous_0)","decl":{"start":{"line":1,"column":16},"end":{"line":1,"column":17}},"loc":{"start":{"line":1,"column":22},"end":{"line":12,"column":1}},"line":1}},"branchMap":{},"s":{"0":1,"1":4},"f":{"0":4},"b":{},"_coverageSchema":"1a1c01bbd47fc00a2c39e90264f33305004495a9","hash":"f28b387034b983b78023993e5c6641e41e860331"}
,"D:\\Development\\Namaste React\\src\\components\\Header.js": {"path":"D:\\Development\\Namaste React\\src\\components\\Header.js","statementMap":{"0":{"start":{"line":7,"column":15},"end":{"line":71,"column":1}},"1":{"start":{"line":8,"column":32},"end":{"line":8,"column":49}},"2":{"start":{"line":9,"column":17},"end":{"line":9,"column":36}},"3":{"start":{"line":10,"column":20},"end":{"line":13,"column":3}},"4":{"start":{"line":16,"column":20},"end":{"line":18,"column":4}},"5":{"start":{"line":17,"column":4},"end":{"line":17,"column":28}},"6":{"start":{"line":20,"column":2},"end":{"line":70,"column":4}},"7":{"start":{"line":57,"column":14},"end":{"line":57,"column":68}},"8":{"start":{"line":64,"column":25},"end":{"line":64,"column":38}}},"fnMap":{"0":{"name":"(anonymous_0)","decl":{"start":{"line":7,"column":15},"end":{"line":7,"column":16}},"loc":{"start":{"line":7,"column":21},"end":{"line":71,"column":1}},"line":7},"1":{"name":"(anonymous_1)","decl":{"start":{"line":16,"column":32},"end":{"line":16,"column":33}},"loc":{"start":{"line":16,"column":43},"end":{"line":18,"column":3}},"line":16},"2":{"name":"(anonymous_2)","decl":{"start":{"line":56,"column":21},"end":{"line":56,"column":22}},"loc":{"start":{"line":56,"column":27},"end":{"line":58,"column":13}},"line":56},"3":{"name":"(anonymous_3)","decl":{"start":{"line":64,"column":15},"end":{"line":64,"column":16}},"loc":{"start":{"line":64,"column":25},"end":{"line":64,"column":38}},"line":64}},"branchMap":{"0":{"loc":{"start":{"line":35,"column":28},"end":{"line":35,"column":57}},"type":"cond-expr","locations":[{"start":{"line":35,"column":46},"end":{"line":35,"column":50}},{"start":{"line":35,"column":53},"end":{"line":35,"column":57}}],"line":35},"1":{"loc":{"start":{"line":57,"column":25},"end":{"line":57,"column":66}},"type":"cond-expr","locations":[{"start":{"line":57,"column":48},"end":{"line":57,"column":55}},{"start":{"line":57,"column":58},"end":{"line":57,"column":66}}],"line":57}},"s":{"0":1,"1":4,"2":4,"3":4,"4":4,"5":7,"6":4,"7":1,"8":4},"f":{"0":4,"1":7,"2":1,"3":4},"b":{"0":[4,0],"1":[0,1]},"_coverageSchema":"1a1c01bbd47fc00a2c39e90264f33305004495a9","hash":"2390c9bea1b69cdc902ad3fb5538f274cc3f706c"}
,"D:\\Development\\Namaste React\\src\\components\\Sum.js": {"path":"D:\\Development\\Namaste React\\src\\components\\Sum.js","statementMap":{"0":{"start":{"line":1,"column":12},"end":{"line":3,"column":1}},"1":{"start":{"line":2,"column":2},"end":{"line":2,"column":15}}},"fnMap":{"0":{"name":"(anonymous_0)","decl":{"start":{"line":1,"column":12},"end":{"line":1,"column":13}},"loc":{"start":{"line":1,"column":22},"end":{"line":3,"column":1}},"line":1}},"branchMap":{},"s":{"0":1,"1":1},"f":{"0":1},"b":{},"_coverageSchema":"1a1c01bbd47fc00a2c39e90264f33305004495a9","hash":"2c16d6205c80b83854a6065e2076c218f13ce30c"}
,"D:\\Development\\Namaste React\\src\\hooks\\useInternetStatus.js": {"path":"D:\\Development\\Namaste React\\src\\hooks\\useInternetStatus.js","statementMap":{"0":{"start":{"line":3,"column":26},"end":{"line":17,"column":1}},"1":{"start":{"line":4,"column":30},"end":{"line":4,"column":44}},"2":{"start":{"line":6,"column":2},"end":{"line":14,"column":9}},"3":{"start":{"line":7,"column":4},"end":{"line":9,"column":6}},"4":{"start":{"line":8,"column":6},"end":{"line":8,"column":22}},"5":{"start":{"line":11,"column":4},"end":{"line":13,"column":6}},"6":{"start":{"line":12,"column":6},"end":{"line":12,"column":23}},"7":{"start":{"line":16,"column":2},"end":{"line":16,"column":16}}},"fnMap":{"0":{"name":"(anonymous_0)","decl":{"start":{"line":3,"column":26},"end":{"line":3,"column":27}},"loc":{"start":{"line":3,"column":32},"end":{"line":17,"column":1}},"line":3},"1":{"name":"(anonymous_1)","decl":{"start":{"line":6,"column":12},"end":{"line":6,"column":13}},"loc":{"start":{"line":6,"column":18},"end":{"line":14,"column":3}},"line":6},"2":{"name":"(anonymous_2)","decl":{"start":{"line":7,"column":15},"end":{"line":7,"column":16}},"loc":{"start":{"line":7,"column":26},"end":{"line":9,"column":5}},"line":7},"3":{"name":"(anonymous_3)","decl":{"start":{"line":11,"column":16},"end":{"line":11,"column":17}},"loc":{"start":{"line":11,"column":27},"end":{"line":13,"column":5}},"line":11}},"branchMap":{},"s":{"0":1,"1":4,"2":4,"3":3,"4":0,"5":3,"6":0,"7":4},"f":{"0":4,"1":3,"2":0,"3":0},"b":{},"_coverageSchema":"1a1c01bbd47fc00a2c39e90264f33305004495a9","hash":"6c7cd2ca124c61e4dbf07b9cd05af4f1f289da0d"}
,"D:\\Development\\Namaste React\\src\\store\\appStore.js": {"path":"D:\\Development\\Namaste React\\src\\store\\appStore.js","statementMap":{"0":{"start":{"line":3,"column":17},"end":{"line":7,"column":2}}},"fnMap":{},"branchMap":{},"s":{"0":1},"f":{},"b":{},"_coverageSchema":"1a1c01bbd47fc00a2c39e90264f33305004495a9","hash":"64b2cbe2d8d1fbacc778bc50a9102e2142b1ca85"}
,"D:\\Development\\Namaste React\\src\\store\\slices\\cartSlice.js": {"path":"D:\\Development\\Namaste React\\src\\store\\slices\\cartSlice.js","statementMap":{"0":{"start":{"line":2,"column":18},"end":{"line":40,"column":2}},"1":{"start":{"line":10,"column":6},"end":{"line":10,"column":44}},"2":{"start":{"line":11,"column":6},"end":{"line":11,"column":20}},"3":{"start":{"line":12,"column":6},"end":{"line":12,"column":39}},"4":{"start":{"line":15,"column":17},"end":{"line":15,"column":31}},"5":{"start":{"line":16,"column":20},"end":{"line":18,"column":7}},"6":{"start":{"line":17,"column":18},"end":{"line":17,"column":45}},"7":{"start":{"line":19,"column":6},"end":{"line":19,"column":20}},"8":{"start":{"line":20,"column":6},"end":{"line":20,"column":43}},"9":{"start":{"line":23,"column":17},"end":{"line":23,"column":31}},"10":{"start":{"line":24,"column":20},"end":{"line":26,"column":7}},"11":{"start":{"line":25,"column":18},"end":{"line":25,"column":45}},"12":{"start":{"line":27,"column":6},"end":{"line":30,"column":7}},"13":{"start":{"line":28,"column":8},"end":{"line":28,"column":45}},"14":{"start":{"line":29,"column":8},"end":{"line":29,"column":22}},"15":{"start":{"line":33,"column":6},"end":{"line":33,"column":24}},"16":{"start":{"line":36,"column":6},"end":{"line":36,"column":29}},"17":{"start":{"line":37,"column":6},"end":{"line":37,"column":22}},"18":{"start":{"line":43,"column":2},"end":{"line":43,"column":19}}},"fnMap":{"0":{"name":"(anonymous_0)","decl":{"start":{"line":9,"column":13},"end":{"line":9,"column":14}},"loc":{"start":{"line":9,"column":32},"end":{"line":13,"column":5}},"line":9},"1":{"name":"(anonymous_1)","decl":{"start":{"line":14,"column":19},"end":{"line":14,"column":20}},"loc":{"start":{"line":14,"column":38},"end":{"line":21,"column":5}},"line":14},"2":{"name":"(anonymous_2)","decl":{"start":{"line":17,"column":8},"end":{"line":17,"column":9}},"loc":{"start":{"line":17,"column":18},"end":{"line":17,"column":45}},"line":17},"3":{"name":"(anonymous_3)","decl":{"start":{"line":22,"column":19},"end":{"line":22,"column":20}},"loc":{"start":{"line":22,"column":38},"end":{"line":31,"column":5}},"line":22},"4":{"name":"(anonymous_4)","decl":{"start":{"line":25,"column":8},"end":{"line":25,"column":9}},"loc":{"start":{"line":25,"column":18},"end":{"line":25,"column":45}},"line":25},"5":{"name":"(anonymous_5)","decl":{"start":{"line":32,"column":16},"end":{"line":32,"column":17}},"loc":{"start":{"line":32,"column":27},"end":{"line":34,"column":5}},"line":32},"6":{"name":"(anonymous_6)","decl":{"start":{"line":35,"column":15},"end":{"line":35,"column":16}},"loc":{"start":{"line":35,"column":26},"end":{"line":38,"column":5}},"line":35}},"branchMap":{"0":{"loc":{"start":{"line":27,"column":6},"end":{"line":30,"column":7}},"type":"if","locations":[{"start":{"line":27,"column":6},"end":{"line":30,"column":7}},{"start":{},"end":{}}],"line":27}},"s":{"0":1,"1":0,"2":0,"3":0,"4":0,"5":0,"6":0,"7":0,"8":0,"9":0,"10":0,"11":0,"12":0,"13":0,"14":0,"15":0,"16":0,"17":0,"18":1},"f":{"0":0,"1":0,"2":0,"3":0,"4":0,"5":0,"6":0},"b":{"0":[0,0]},"_coverageSchema":"1a1c01bbd47fc00a2c39e90264f33305004495a9","hash":"741f8478948f7ab2b8846a106c95837f915b51a4"}
,"D:\\Development\\Namaste React\\src\\utils\\UserContext.js": {"path":"D:\\Development\\Namaste React\\src\\utils\\UserContext.js","statementMap":{"0":{"start":{"line":2,"column":20},"end":{"line":4,"column":2}}},"fnMap":{},"branchMap":{},"s":{"0":1},"f":{},"b":{},"_coverageSchema":"1a1c01bbd47fc00a2c39e90264f33305004495a9","hash":"86ffb17c0fd2de025c7f5388e4211e35b1fa8d3e"}
,"D:\\Development\\Namaste React\\src\\utils\\constants.js": {"path":"D:\\Development\\Namaste React\\src\\utils\\constants.js","statementMap":{"0":{"start":{"line":2,"column":2},"end":{"line":2,"column":84}},"1":{"start":{"line":4,"column":2},"end":{"line":4,"column":97}},"2":{"start":{"line":6,"column":2},"end":{"line":6,"column":143}},"3":{"start":{"line":9,"column":2},"end":{"line":9,"column":136}},"4":{"start":{"line":11,"column":2},"end":{"line":11,"column":147}},"5":{"start":{"line":13,"column":30},"end":{"line":13,"column":71}},"6":{"start":{"line":16,"column":2},"end":{"line":16,"column":93}}},"fnMap":{},"branchMap":{},"s":{"0":1,"1":1,"2":1,"3":1,"4":1,"5":1,"6":1},"f":{},"b":{},"_coverageSchema":"1a1c01bbd47fc00a2c39e90264f33305004495a9","hash":"2d86ee86843e274c445f836649505390f82ffe06"}
}
